0 info it worked if it ends with ok
1 verbose cli [ '/usr/local/bin/node',
1 verbose cli   '/usr/local/bin/npm',
1 verbose cli   'install',
1 verbose cli   '-g',
1 verbose cli   'grunt-cli' ]
2 info using npm@2.14.20
3 info using node@v4.4.0
4 verbose install initial load of /usr/local/lib/package.json
5 verbose readDependencies loading dependencies from /usr/local/lib/package.json
6 silly cache add args [ 'grunt-cli', null ]
7 verbose cache add spec grunt-cli
8 silly cache add parsed spec Result {
8 silly cache add   raw: 'grunt-cli',
8 silly cache add   scope: null,
8 silly cache add   name: 'grunt-cli',
8 silly cache add   rawSpec: '',
8 silly cache add   spec: 'latest',
8 silly cache add   type: 'tag' }
9 silly addNamed grunt-cli@latest
10 verbose addNamed "latest" is being treated as a dist-tag for grunt-cli
11 info addNameTag [ 'grunt-cli', 'latest' ]
12 silly mapToRegistry name grunt-cli
13 silly mapToRegistry using default registry
14 silly mapToRegistry registry https://registry.npmjs.org/
15 silly mapToRegistry uri https://registry.npmjs.org/grunt-cli
16 verbose addNameTag registry:https://registry.npmjs.org/grunt-cli not in flight; fetching
17 verbose request uri https://registry.npmjs.org/grunt-cli
18 verbose request no auth needed
19 info attempt registry request try #1 at 8:34:05 PM
20 verbose request id d718a84f9b3f4129
21 verbose etag "O4ILQO6EIKX7WLPW1J4C3SNS"
22 http request GET https://registry.npmjs.org/grunt-cli
23 http 200 https://registry.npmjs.org/grunt-cli
24 verbose headers { server: 'CouchDB/1.5.0 (Erlang OTP/R16B03)',
24 verbose headers   etag: '"91QIXA6B3NPRX3Q1OPUFHHIG2"',
24 verbose headers   'content-type': 'application/json',
24 verbose headers   'content-encoding': 'gzip',
24 verbose headers   'cache-control': 'max-age=300',
24 verbose headers   'content-length': '6004',
24 verbose headers   'accept-ranges': 'bytes',
24 verbose headers   date: 'Sun, 28 Aug 2016 03:34:05 GMT',
24 verbose headers   via: '1.1 varnish',
24 verbose headers   age: '167',
24 verbose headers   connection: 'keep-alive',
24 verbose headers   'x-served-by': 'cache-sjc3623-SJC',
24 verbose headers   'x-cache': 'HIT',
24 verbose headers   'x-cache-hits': '1',
24 verbose headers   'x-timer': 'S1472355245.144250,VS0,VE0',
24 verbose headers   vary: 'Accept-Encoding' }
25 silly get cb [ 200,
25 silly get   { server: 'CouchDB/1.5.0 (Erlang OTP/R16B03)',
25 silly get     etag: '"91QIXA6B3NPRX3Q1OPUFHHIG2"',
25 silly get     'content-type': 'application/json',
25 silly get     'content-encoding': 'gzip',
25 silly get     'cache-control': 'max-age=300',
25 silly get     'content-length': '6004',
25 silly get     'accept-ranges': 'bytes',
25 silly get     date: 'Sun, 28 Aug 2016 03:34:05 GMT',
25 silly get     via: '1.1 varnish',
25 silly get     age: '167',
25 silly get     connection: 'keep-alive',
25 silly get     'x-served-by': 'cache-sjc3623-SJC',
25 silly get     'x-cache': 'HIT',
25 silly get     'x-cache-hits': '1',
25 silly get     'x-timer': 'S1472355245.144250,VS0,VE0',
25 silly get     vary: 'Accept-Encoding' } ]
26 verbose get saving grunt-cli to /Users/Carnage/.npm/registry.npmjs.org/grunt-cli/.cache.json
27 verbose correctMkdir /Users/Carnage/.npm correctMkdir not in flight; initializing
28 silly addNameTag next cb for grunt-cli with tag latest
29 silly addNamed grunt-cli@1.2.0
30 verbose addNamed "1.2.0" is a plain semver version for grunt-cli
31 silly cache afterAdd grunt-cli@1.2.0
32 verbose afterAdd /Users/Carnage/.npm/grunt-cli/1.2.0/package/package.json not in flight; writing
33 verbose correctMkdir /Users/Carnage/.npm correctMkdir not in flight; initializing
34 verbose afterAdd /Users/Carnage/.npm/grunt-cli/1.2.0/package/package.json written
35 silly install resolved [ { name: 'grunt-cli',
35 silly install resolved     description: 'The grunt command line interface',
35 silly install resolved     version: '1.2.0',
35 silly install resolved     author:
35 silly install resolved      { name: 'Grunt Development Team',
35 silly install resolved        url: 'http://gruntjs.com/development-team' },
35 silly install resolved     repository:
35 silly install resolved      { type: 'git',
35 silly install resolved        url: 'git+https://github.com/gruntjs/grunt-cli.git' },
35 silly install resolved     license: 'MIT',
35 silly install resolved     engines: { node: '>=0.10.0' },
35 silly install resolved     scripts: { test: 'node bin/grunt test' },
35 silly install resolved     bin: { grunt: 'bin/grunt' },
35 silly install resolved     dependencies:
35 silly install resolved      { 'findup-sync': '~0.3.0',
35 silly install resolved        'grunt-known-options': '~1.1.0',
35 silly install resolved        nopt: '~3.0.6',
35 silly install resolved        resolve: '~1.1.0' },
35 silly install resolved     devDependencies: { grunt: '~0.4.5', 'grunt-contrib-jshint': '~1.0.0' },
35 silly install resolved     files: [ 'bin', 'completion', 'lib' ],
35 silly install resolved     appveyor_id: 'prp6g944b05jsq6d',
35 silly install resolved     contributors: [ [Object], [Object], [Object], [Object] ],
35 silly install resolved     gitHead: 'edd8bd29a72f2f28b63fe2629fcb7b9d9f2feb46',
35 silly install resolved     bugs: { url: 'https://github.com/gruntjs/grunt-cli/issues' },
35 silly install resolved     homepage: 'https://github.com/gruntjs/grunt-cli#readme',
35 silly install resolved     _id: 'grunt-cli@1.2.0',
35 silly install resolved     _shasum: '562b119ebb069ddb464ace2845501be97b35b6a8',
35 silly install resolved     _from: 'grunt-cli@latest',
35 silly install resolved     _npmVersion: '3.8.2',
35 silly install resolved     _nodeVersion: '4.2.3',
35 silly install resolved     _npmUser: { name: 'vladikoff', email: 'vlad@vladikoff.com' },
35 silly install resolved     dist:
35 silly install resolved      { shasum: '562b119ebb069ddb464ace2845501be97b35b6a8',
35 silly install resolved        tarball: 'https://registry.npmjs.org/grunt-cli/-/grunt-cli-1.2.0.tgz' },
35 silly install resolved     maintainers: [ [Object], [Object], [Object], [Object] ],
35 silly install resolved     _npmOperationalInternal:
35 silly install resolved      { host: 'packages-12-west.internal.npmjs.com',
35 silly install resolved        tmp: 'tmp/grunt-cli-1.2.0.tgz_1459558434299_0.8824446983635426' },
35 silly install resolved     directories: {},
35 silly install resolved     _resolved: 'https://registry.npmjs.org/grunt-cli/-/grunt-cli-1.2.0.tgz',
35 silly install resolved     readme: 'ERROR: No README data found!' } ]
36 info install grunt-cli@1.2.0 into /usr/local/lib
37 info installOne grunt-cli@1.2.0
38 verbose installOne of grunt-cli to /usr/local/lib not in flight; installing
39 verbose correctMkdir /Users/Carnage/.npm/_locks correctMkdir not in flight; initializing
40 verbose lock using /Users/Carnage/.npm/_locks/grunt-cli-58f484dab06f0a30.lock for /usr/local/lib/node_modules/grunt-cli
41 silly install write writing grunt-cli 1.2.0 to /usr/local/lib/node_modules/grunt-cli
42 verbose unbuild lib/node_modules/grunt-cli
43 info preuninstall grunt-cli@1.2.0
44 info uninstall grunt-cli@1.2.0
45 verbose unbuild rmStuff grunt-cli@1.2.0 from /usr/local/lib/node_modules
46 silly gentlyRm /usr/local/bin/grunt is being gently removed
47 silly gentlyRm verifying /usr/local is an npm working directory
48 silly gentlyRm containing path /usr/local is under npm's control, in /usr/local
49 silly gentlyRm deletion target /usr/local/bin/grunt is under /usr/local
50 verbose gentlyRm vacuuming from /usr/local/bin/grunt up to /usr/local
51 info postuninstall grunt-cli@1.2.0
52 silly gentlyRm /usr/local/lib/node_modules/grunt-cli is being purged from base /usr/local
53 verbose gentlyRm don't care about contents; nuking /usr/local/lib/node_modules/grunt-cli
54 silly vacuum-fs purging /usr/local/lib/node_modules/grunt-cli
55 verbose unlock done using /Users/Carnage/.npm/_locks/grunt-cli-58f484dab06f0a30.lock for /usr/local/lib/node_modules/grunt-cli
56 verbose stack Error: EACCES: permission denied, rmdir '/usr/local/lib/node_modules/grunt-cli'
56 verbose stack     at Error (native)
57 verbose cwd /Users/Carnage/Desktop/github/MEAN/FanFightTalk
58 error Darwin 15.5.0
59 error argv "/usr/local/bin/node" "/usr/local/bin/npm" "install" "-g" "grunt-cli"
60 error node v4.4.0
61 error npm  v2.14.20
62 error path /usr/local/lib/node_modules/grunt-cli
63 error code EACCES
64 error errno -13
65 error syscall rmdir
66 error Error: EACCES: permission denied, rmdir '/usr/local/lib/node_modules/grunt-cli'
66 error     at Error (native)
66 error  { [Error: EACCES: permission denied, rmdir '/usr/local/lib/node_modules/grunt-cli']
66 error   errno: -13,
66 error   code: 'EACCES',
66 error   syscall: 'rmdir',
66 error   path: '/usr/local/lib/node_modules/grunt-cli' }
67 error Please try running this command again as root/Administrator.
68 verbose exit [ -13, true ]
69 verbose unbuild lib/node_modules/grunt-cli
70 info preuninstall grunt-cli@1.2.0
71 info uninstall grunt-cli@1.2.0
72 verbose unbuild rmStuff grunt-cli@1.2.0 from /usr/local/lib/node_modules
73 silly gentlyRm /usr/local/bin/grunt is being gently removed
74 silly gentlyRm verifying /usr/local is an npm working directory
75 silly gentlyRm containing path /usr/local is under npm's control, in /usr/local
76 silly gentlyRm deletion target /usr/local/bin/grunt is under /usr/local
77 verbose gentlyRm vacuuming from /usr/local/bin/grunt up to /usr/local
78 info postuninstall grunt-cli@1.2.0
79 silly gentlyRm /usr/local/lib/node_modules/grunt-cli is being purged from base /usr/local
80 verbose gentlyRm don't care about contents; nuking /usr/local/lib/node_modules/grunt-cli
81 silly vacuum-fs purging /usr/local/lib/node_modules/grunt-cli
82 error error rolling back Error: EACCES: permission denied, rmdir '/usr/local/lib/node_modules/grunt-cli'
82 error error rolling back     at Error (native)
82 error error rolling back  { [Error: EACCES: permission denied, rmdir '/usr/local/lib/node_modules/grunt-cli']
82 error error rolling back   errno: -13,
82 error error rolling back   code: 'EACCES',
82 error error rolling back   syscall: 'rmdir',
82 error error rolling back   path: '/usr/local/lib/node_modules/grunt-cli' }
